<?xml version="1.0" encoding="UTF-8"?>
<!-- Generated by org.testng.reporters.JUnitReportReporter -->
<testsuite hostname="machine" failures="0" tests="1" name="com.coverfox_test.TestNgPomcoverfoxclassduplicate" time="16.689" errors="0" timestamp="2025-04-20T16:23:03 IST" skipped="0">
  <testcase classname="com.coverfox_test.TestNgPomcoverfoxclassduplicate" name="validateplan" time="16.689">
    <system-out>
      <![CDATA[Getting Planresult
getting plan value
TC IS PASS AS BOTH VALUES ARE SAME
Congratulation Test validateplan is Passed]]>
    </system-out>
  </testcase> <!-- validateplan -->
  <system-out>
    <![CDATA[readingUrlfrom properties file
Launching browser
Clicking on gender 
Clicking on wife icon
Clicking on mother icon
Clicking on next button
Handling My Age
Handling Wife's Age
Handling Mother's Age
Clicking on next button
Entering my Pincode
Entering mother's Pincode
Entering mobile no
Clicking on continue button
Getting Planresult
getting plan value
TC IS PASS AS BOTH VALUES ARE SAME
Congratulation Test validateplan is Passed
Closing browser]]>
  </system-out>
</testsuite> <!-- com.coverfox_test.TestNgPomcoverfoxclassduplicate -->
